<?xml version="1.0" encoding="UTF-8"?>
<!-- Generated by org.testng.reporters.JUnitReportReporter -->
<testsuite hostname="DESKTOP-4E054C6" failures="0" tests="1" name="com.test.Testscript" time="11.158" errors="0" timestamp="2024-11-28T22:56:59 IST" skipped="0">
  <testcase classname="com.test.Testscript" name="launchBrowser" time="11.158"/>
</testsuite> <!-- com.test.Testscript -->
